<?xml version="1.0" encoding="UTF-8"?>
<!-- Generated by org.testng.reporters.JUnitReportReporter -->
<testsuite name="com.sussex.testMethods.TC02_verifyLoginTest" tests="2" time="0.002" ignored="1" failures="0" timestamp="05 Jun 2019 18:08:14 GMT" skipped="1" hostname="ITS012006" errors="1">
  <testcase name="VerifyLoginTest" time="0.002" classname="com.sussex.testMethods.TC02_verifyLoginTest">
    <skipped/>
  </testcase> <!-- VerifyLoginTest -->
  <testcase name="setUp" time="0.000" classname="com.sussex.testMethods.TC02_verifyLoginTest">
    <error type="java.lang.NullPointerException">
      <![CDATA[java.lang.NullPointerException
	at com.sussex.testBase.TestBase.init(TestBase.java:219)
	at com.sussex.testMethods.TC02_verifyLoginTest.setUp(TC02_verifyLoginTest.java:49)
	at sun.reflect.NativeMethodAccessorImpl.invoke0(Native Method)
	at sun.reflect.NativeMethodAccessorImpl.invoke(NativeMethodAccessorImpl.java:62)
	at sun.reflect.DelegatingMethodAccessorImpl.invoke(DelegatingMethodAccessorImpl.java:43)
	at java.lang.reflect.Method.invoke(Method.java:497)
	at org.testng.internal.MethodInvocationHelper.invokeMethod(MethodInvocationHelper.java:104)
	at org.testng.internal.Invoker.invokeConfigurationMethod(Invoker.java:515)
	at org.testng.internal.Invoker.invokeConfigurations(Invoker.java:217)
	at org.testng.internal.Invoker.invokeConfigurations(Invoker.java:144)
	at org.testng.SuiteRunner.privateRun(SuiteRunner.java:326)
	at org.testng.SuiteRunner.run(SuiteRunner.java:289)
	at org.testng.SuiteRunnerWorker.runSuite(SuiteRunnerWorker.java:52)
	at org.testng.SuiteRunnerWorker.run(SuiteRunnerWorker.java:86)
	at org.testng.TestNG.runSuitesSequentially(TestNG.java:1293)
	at org.testng.TestNG.runSuitesLocally(TestNG.java:1218)
	at org.testng.TestNG.runSuites(TestNG.java:1133)
	at org.testng.TestNG.run(TestNG.java:1104)
	at org.testng.remote.AbstractRemoteTestNG.run(AbstractRemoteTestNG.java:115)
	at org.testng.remote.RemoteTestNG.initAndRun(RemoteTestNG.java:251)
	at org.testng.remote.RemoteTestNG.main(RemoteTestNG.java:77)
]]>
    </error>
  </testcase> <!-- setUp -->
  <testcase name="VerifyElementsOnLogOnPage" classname="com.sussex.testMethods.TC02_verifyLoginTest">
    <skipped/>
  </testcase> <!-- VerifyElementsOnLogOnPage -->
</testsuite> <!-- com.sussex.testMethods.TC02_verifyLoginTest -->
