<?xml version="1.0" encoding="UTF-8"?>
<!-- Generated by org.testng.reporters.JUnitReportReporter -->
<testsuite name="com.sussex.testMethods.TC01_verifyRegistrationPage" tests="2" time="0.001" ignored="1" failures="0" timestamp="04 Jun 2019 15:32:03 GMT" skipped="1" hostname="ITS012006" errors="1">
  <testcase name="setUp" time="0.000" classname="com.sussex.testMethods.TC01_verifyRegistrationPage">
    <error type="java.lang.NullPointerException">
      <![CDATA[java.lang.NullPointerException
	at com.sussex.testBase.TestBase.invokeBrowser(TestBase.java:87)
	at com.sussex.testBase.TestBase.initialize(TestBase.java:68)
	at com.sussex.testMethods.TC01_verifyRegistrationPage.setUp(TC01_verifyRegistrationPage.java:42)
	at sun.reflect.NativeMethodAccessorImpl.invoke0(Native Method)
	at sun.reflect.NativeMethodAccessorImpl.invoke(Unknown Source)
	at sun.reflect.DelegatingMethodAccessorImpl.invoke(Unknown Source)
	at java.lang.reflect.Method.invoke(Unknown Source)
	at org.testng.internal.MethodInvocationHelper.invokeMethod(MethodInvocationHelper.java:104)
	at org.testng.internal.Invoker.invokeConfigurationMethod(Invoker.java:515)
	at org.testng.internal.Invoker.invokeConfigurations(Invoker.java:217)
	at org.testng.internal.Invoker.invokeConfigurations(Invoker.java:144)
	at org.testng.SuiteRunner.privateRun(SuiteRunner.java:326)
	at org.testng.SuiteRunner.run(SuiteRunner.java:289)
	at org.testng.SuiteRunnerWorker.runSuite(SuiteRunnerWorker.java:52)
	at org.testng.SuiteRunnerWorker.run(SuiteRunnerWorker.java:86)
	at org.testng.TestNG.runSuitesSequentially(TestNG.java:1293)
	at org.testng.TestNG.runSuitesLocally(TestNG.java:1218)
	at org.testng.TestNG.runSuites(TestNG.java:1133)
	at org.testng.TestNG.run(TestNG.java:1104)
	at org.testng.remote.AbstractRemoteTestNG.run(AbstractRemoteTestNG.java:115)
	at org.testng.remote.RemoteTestNG.initAndRun(RemoteTestNG.java:251)
	at org.testng.remote.RemoteTestNG.main(RemoteTestNG.java:77)
]]>
    </error>
  </testcase> <!-- setUp -->
  <testcase name="TS01_verifyStudentAbleToRegisterToWithSussexUniversity" time="0.001" classname="com.sussex.testMethods.TC01_verifyRegistrationPage">
    <skipped/>
  </testcase> <!-- TS01_verifyStudentAbleToRegisterToWithSussexUniversity -->
  <testcase name="VerifyElementsOnLogOnPage" classname="com.sussex.testMethods.TC02_verifyLoginTest">
    <skipped/>
  </testcase> <!-- VerifyElementsOnLogOnPage -->
</testsuite> <!-- com.sussex.testMethods.TC01_verifyRegistrationPage -->
